2024-01-16 18:33:30,482 - train-log - INFO - use cuda
2024-01-16 18:33:51,717 - train-log - INFO - =========
第100步平均loss:1.315020 耗时:15.56s
2024-01-16 18:34:06,828 - train-log - INFO - =========
第200步平均loss:1.230659 耗时:15.11s
2024-01-16 18:34:21,792 - train-log - INFO - =========
第300步平均loss:1.102726 耗时:14.96s
2024-01-16 18:34:30,312 - train-log - INFO - =========
第1轮平均loss:1.041107
2024-01-16 18:34:51,212 - train-log - INFO - 平均正确率: 0.3886586841025779
2024-01-16 18:34:57,614 - train-log - INFO - =========
第400步平均loss:0.664283 耗时:6.40s
2024-01-16 18:35:12,455 - train-log - INFO - =========
第500步平均loss:0.629257 耗时:14.84s
2024-01-16 18:35:27,306 - train-log - INFO - =========
第600步平均loss:0.603517 耗时:14.85s
2024-01-16 18:35:42,107 - train-log - INFO - =========
第700步平均loss:0.582086 耗时:14.80s
2024-01-16 18:35:44,179 - train-log - INFO - =========
第2轮平均loss:0.579533
2024-01-16 18:36:04,957 - train-log - INFO - 平均正确率: 0.43847450854807807
2024-01-16 18:36:17,893 - train-log - INFO - =========
第800步平均loss:0.498874 耗时:12.77s
2024-01-16 18:36:32,827 - train-log - INFO - =========
第900步平均loss:0.487165 耗时:14.93s
2024-01-16 18:36:47,684 - train-log - INFO - =========
第1000步平均loss:0.478566 耗时:14.86s
2024-01-16 18:36:58,237 - train-log - INFO - =========
第3轮平均loss:0.471745
2024-01-16 18:37:18,946 - train-log - INFO - 平均正确率: 0.4570858108233866
2024-01-16 18:37:23,438 - train-log - INFO - =========
第1100步平均loss:0.433095 耗时:4.34s
2024-01-16 18:37:38,356 - train-log - INFO - =========
第1200步平均loss:0.424506 耗时:14.92s
2024-01-16 18:37:53,302 - train-log - INFO - =========
第1300步平均loss:0.419354 耗时:14.95s
2024-01-16 18:38:08,270 - train-log - INFO - =========
第1400步平均loss:0.414213 耗时:14.97s
2024-01-16 18:38:12,438 - train-log - INFO - =========
第4轮平均loss:0.412167
2024-01-16 18:38:33,045 - train-log - INFO - 平均正确率: 0.4617259565482436
2024-01-16 18:38:43,886 - train-log - INFO - =========
第1500步平均loss:0.387473 耗时:10.70s
2024-01-16 18:38:58,732 - train-log - INFO - =========
第1600步平均loss:0.380763 耗时:14.85s
2024-01-16 18:39:13,705 - train-log - INFO - =========
第1700步平均loss:0.375717 耗时:14.97s
2024-01-16 18:39:26,346 - train-log - INFO - =========
第5轮平均loss:0.373063
2024-01-16 18:39:47,341 - train-log - INFO - 平均正确率: 0.4669345602038929
2024-01-16 18:39:49,834 - train-log - INFO - =========
第1800步平均loss:0.355270 耗时:2.35s
2024-01-16 18:40:04,676 - train-log - INFO - =========
第1900步平均loss:0.354031 耗时:14.84s
2024-01-16 18:40:19,616 - train-log - INFO - =========
第2000步平均loss:0.350172 耗时:14.94s
2024-01-16 18:40:34,445 - train-log - INFO - =========
第2100步平均loss:0.346296 耗时:14.83s
2024-01-16 18:40:40,681 - train-log - INFO - =========
第6轮平均loss:0.345416
2024-01-16 18:41:01,248 - train-log - INFO - 平均正确率: 0.47069570997935894
2024-01-16 18:41:10,157 - train-log - INFO - =========
第2200步平均loss:0.333753 耗时:8.80s
2024-01-16 18:41:24,976 - train-log - INFO - =========
第2300步平均loss:0.329330 耗时:14.82s
2024-01-16 18:41:39,862 - train-log - INFO - =========
第2400步平均loss:0.326226 耗时:14.89s
2024-01-16 18:41:54,583 - train-log - INFO - =========
第7轮平均loss:0.324352
2024-01-16 18:42:14,789 - train-log - INFO - 平均正确率: 0.4743929981782248
2024-01-16 18:42:15,088 - train-log - INFO - =========
第2500步平均loss:0.326297 耗时:0.18s
2024-01-16 18:42:29,994 - train-log - INFO - =========
第2600步平均loss:0.310314 耗时:14.91s
2024-01-16 18:42:44,849 - train-log - INFO - =========
第2700步平均loss:0.309482 耗时:14.85s
2024-01-16 18:42:59,750 - train-log - INFO - =========
第2800步平均loss:0.307430 耗时:14.90s
2024-01-16 18:43:08,090 - train-log - INFO - =========
第8轮平均loss:0.306937
2024-01-16 18:43:28,966 - train-log - INFO - 平均正确率: 0.4782150886450782
2024-01-16 18:43:35,912 - train-log - INFO - =========
第2900步平均loss:0.296620 耗时:6.82s
2024-01-16 18:43:51,218 - train-log - INFO - =========
第3000步平均loss:0.294132 耗时:15.31s
2024-01-16 18:44:06,491 - train-log - INFO - =========
第3100步平均loss:0.294196 耗时:15.27s
2024-01-16 18:44:21,759 - train-log - INFO - =========
第3200步平均loss:0.292990 耗时:15.27s
2024-01-16 18:44:23,755 - train-log - INFO - =========
第9轮平均loss:0.293060
2024-01-16 18:44:44,855 - train-log - INFO - 平均正确率: 0.48076497510228067
2024-01-16 18:44:57,934 - train-log - INFO - =========
第3300步平均loss:0.283836 耗时:12.93s
2024-01-16 18:45:12,843 - train-log - INFO - =========
第3400步平均loss:0.281239 耗时:14.91s
2024-01-16 18:45:27,732 - train-log - INFO - =========
第3500步平均loss:0.280534 耗时:14.89s
2024-01-16 18:45:38,202 - train-log - INFO - =========
第10轮平均loss:0.280123
2024-01-16 18:45:58,999 - train-log - INFO - 平均正确率: 0.4833402660656081
